actionid: tox
msg: packaging
cmdargs: ['/usr/bin/python', local('/home/varshit/Donkey_Kong/setup.py'), 'sdist', '--formats=zip', '--dist-dir', local('/home/varshit/Donkey_Kong/.tox/dist')]
env: None

WARNING: '.' not a valid package name; please use only.-separated package names in setup.py
running sdist
running egg_info
writing UNKNOWN.egg-info/PKG-INFO
writing top-level names to UNKNOWN.egg-info/top_level.txt
writing dependency_links to UNKNOWN.egg-info/dependency_links.txt
package init file '__init__.py' not found (or not a regular file)
reading manifest file 'UNKNOWN.egg-info/SOURCES.txt'
writing manifest file 'UNKNOWN.egg-info/SOURCES.txt'
warning: sdist: standard file not found: should have one of README, README.rst, README.txt

running check
warning: check: missing required meta-data: name, url

warning: check: missing meta-data: either (author and author_email) or (maintainer and maintainer_email) must be supplied

creating UNKNOWN-0.0.0
creating UNKNOWN-0.0.0/UNKNOWN.egg-info
making hard links in UNKNOWN-0.0.0...
hard linking CoinsInGame.py -> UNKNOWN-0.0.0
hard linking DonkeyKong.py -> UNKNOWN-0.0.0
hard linking Person.py -> UNKNOWN-0.0.0
hard linking PlayerIsHero.py -> UNKNOWN-0.0.0
hard linking Walls.py -> UNKNOWN-0.0.0
hard linking absorbFireballs.py -> UNKNOWN-0.0.0
hard linking buttonOnScreen.py -> UNKNOWN-0.0.0
hard linking ladderPlacement.py -> UNKNOWN-0.0.0
hard linking moveFireballs.py -> UNKNOWN-0.0.0
hard linking placeKong.py -> UNKNOWN-0.0.0
hard linking placePrincess.py -> UNKNOWN-0.0.0
hard linking printMessage.py -> UNKNOWN-0.0.0
hard linking printingCoins.py -> UNKNOWN-0.0.0
hard linking setup.py -> UNKNOWN-0.0.0
hard linking test_main.py -> UNKNOWN-0.0.0
hard linking UNKNOWN.egg-info/PKG-INFO -> UNKNOWN-0.0.0/UNKNOWN.egg-info
hard linking UNKNOWN.egg-info/SOURCES.txt -> UNKNOWN-0.0.0/UNKNOWN.egg-info
hard linking UNKNOWN.egg-info/dependency_links.txt -> UNKNOWN-0.0.0/UNKNOWN.egg-info
hard linking UNKNOWN.egg-info/top_level.txt -> UNKNOWN-0.0.0/UNKNOWN.egg-info
Writing UNKNOWN-0.0.0/setup.cfg
creating '.tox/dist/UNKNOWN-0.0.0.zip' and adding 'UNKNOWN-0.0.0' to it
adding 'UNKNOWN-0.0.0/placePrincess.py'
adding 'UNKNOWN-0.0.0/test_main.py'
adding 'UNKNOWN-0.0.0/setup.cfg'
adding 'UNKNOWN-0.0.0/CoinsInGame.py'
adding 'UNKNOWN-0.0.0/buttonOnScreen.py'
adding 'UNKNOWN-0.0.0/DonkeyKong.py'
adding 'UNKNOWN-0.0.0/printingCoins.py'
adding 'UNKNOWN-0.0.0/placeKong.py'
adding 'UNKNOWN-0.0.0/setup.py'
adding 'UNKNOWN-0.0.0/PKG-INFO'
adding 'UNKNOWN-0.0.0/printMessage.py'
adding 'UNKNOWN-0.0.0/moveFireballs.py'
adding 'UNKNOWN-0.0.0/Person.py'
adding 'UNKNOWN-0.0.0/PlayerIsHero.py'
adding 'UNKNOWN-0.0.0/Walls.py'
adding 'UNKNOWN-0.0.0/absorbFireballs.py'
adding 'UNKNOWN-0.0.0/ladderPlacement.py'
adding 'UNKNOWN-0.0.0/UNKNOWN.egg-info/top_level.txt'
adding 'UNKNOWN-0.0.0/UNKNOWN.egg-info/PKG-INFO'
adding 'UNKNOWN-0.0.0/UNKNOWN.egg-info/dependency_links.txt'
adding 'UNKNOWN-0.0.0/UNKNOWN.egg-info/SOURCES.txt'
removing 'UNKNOWN-0.0.0' (and everything under it)
